  main.cpp
e:\cloud drives\google drive nust\work\visual studio\symbolic_integration\symbolicintegration\symbolicintegration\integrator.h(60): warning C4018: '<': signed/unsigned mismatch
e:\cloud drives\google drive nust\work\visual studio\symbolic_integration\symbolicintegration\symbolicintegration\integrator.h(83): warning C4018: '<': signed/unsigned mismatch
e:\cloud drives\google drive nust\work\visual studio\symbolic_integration\symbolicintegration\symbolicintegration\integrator.h(104): warning C4018: '<': signed/unsigned mismatch
e:\cloud drives\google drive nust\work\visual studio\symbolic_integration\symbolicintegration\symbolicintegration\integrator.h(129): warning C4018: '<': signed/unsigned mismatch
e:\cloud drives\google drive nust\work\visual studio\symbolic_integration\symbolicintegration\symbolicintegration\integrator.h(151): warning C4018: '<': signed/unsigned mismatch
e:\cloud drives\google drive nust\work\visual studio\symbolic_integration\symbolicintegration\symbolicintegration\integrator.h(182): warning C4018: '<': signed/unsigned mismatch
e:\cloud drives\google drive nust\work\visual studio\symbolic_integration\symbolicintegration\symbolicintegration\integrator.h(239): warning C4018: '<': signed/unsigned mismatch
e:\cloud drives\google drive nust\work\visual studio\symbolic_integration\symbolicintegration\symbolicintegration\integrator.h(243): warning C4018: '<': signed/unsigned mismatch
e:\cloud drives\google drive nust\work\visual studio\symbolic_integration\symbolicintegration\symbolicintegration\integrator.h(286): warning C4244: '=': conversion from 'double' to 'int', possible loss of data
e:\cloud drives\google drive nust\work\visual studio\symbolic_integration\symbolicintegration\symbolicintegration\integrator.h(300): warning C4244: '=': conversion from 'double' to 'int', possible loss of data
e:\cloud drives\google drive nust\work\visual studio\symbolic_integration\symbolicintegration\symbolicintegration\integrator.h(313): warning C4244: '=': conversion from 'double' to 'int', possible loss of data
e:\cloud drives\google drive nust\work\visual studio\symbolic_integration\symbolicintegration\symbolicintegration\integrator.h(341): warning C4018: '<': signed/unsigned mismatch
e:\cloud drives\google drive nust\work\visual studio\symbolic_integration\symbolicintegration\symbolicintegration\integrator.h(365): warning C4244: '=': conversion from 'double' to 'int', possible loss of data
e:\cloud drives\google drive nust\work\visual studio\symbolic_integration\symbolicintegration\symbolicintegration\integrator.h(371): warning C4244: '=': conversion from 'double' to 'int', possible loss of data
e:\cloud drives\google drive nust\work\visual studio\symbolic_integration\symbolicintegration\symbolicintegration\integrator.h(402): warning C4018: '<': signed/unsigned mismatch
e:\cloud drives\google drive nust\work\visual studio\symbolic_integration\symbolicintegration\symbolicintegration\integrator.h(424): warning C4018: '<': signed/unsigned mismatch
e:\cloud drives\google drive nust\work\visual studio\symbolic_integration\symbolicintegration\symbolicintegration\integrator.h(437): warning C4018: '<': signed/unsigned mismatch
e:\cloud drives\google drive nust\work\visual studio\symbolic_integration\symbolicintegration\symbolicintegration\integrator.h(450): warning C4018: '<': signed/unsigned mismatch
e:\cloud drives\google drive nust\work\visual studio\symbolic_integration\symbolicintegration\symbolicintegration\integrator.h(465): warning C4018: '<': signed/unsigned mismatch
e:\cloud drives\google drive nust\work\visual studio\symbolic_integration\symbolicintegration\symbolicintegration\integrator.h(472): warning C4018: '<': signed/unsigned mismatch
e:\cloud drives\google drive nust\work\visual studio\symbolic_integration\symbolicintegration\symbolicintegration\integrator.h(491): warning C4018: '<=': signed/unsigned mismatch
e:\cloud drives\google drive nust\work\visual studio\symbolic_integration\symbolicintegration\symbolicintegration\integrator.h(493): warning C4018: '<': signed/unsigned mismatch
e:\cloud drives\google drive nust\work\visual studio\symbolic_integration\symbolicintegration\symbolicintegration\integrator.h(508): warning C4018: '<=': signed/unsigned mismatch
e:\cloud drives\google drive nust\work\visual studio\symbolic_integration\symbolicintegration\symbolicintegration\integrator.h(510): warning C4018: '<': signed/unsigned mismatch
e:\cloud drives\google drive nust\work\visual studio\symbolic_integration\symbolicintegration\symbolicintegration\integrator.h(528): warning C4018: '<=': signed/unsigned mismatch
e:\cloud drives\google drive nust\work\visual studio\symbolic_integration\symbolicintegration\symbolicintegration\integrator.h(530): warning C4018: '<': signed/unsigned mismatch
e:\cloud drives\google drive nust\work\visual studio\symbolic_integration\symbolicintegration\symbolicintegration\integrator.h(176): warning C4715: 'Integrator::integrate1': not all control paths return a value
e:\cloud drives\google drive nust\work\visual studio\symbolic_integration\symbolicintegration\symbolicintegration\integrator.h(228): warning C4715: 'Integrator::integratePolynomial': not all control paths return a value
e:\cloud drives\google drive nust\work\visual studio\symbolic_integration\symbolicintegration\symbolicintegration\integrator.h(543): warning C4715: 'Integrator::endIndexOf': not all control paths return a value
e:\cloud drives\google drive nust\work\visual studio\symbolic_integration\symbolicintegration\symbolicintegration\integrator.h(523): warning C4715: 'Integrator::startIndexOf': not all control paths return a value
e:\cloud drives\google drive nust\work\visual studio\symbolic_integration\symbolicintegration\symbolicintegration\integrator.h(354): warning C4715: 'Integrator::getPower': not all control paths return a value
  SymbolicIntegration.vcxproj -> E:\Cloud Drives\Google Drive NUST\Work\Visual Studio\symbolic_Integration\SymbolicIntegration\Debug\SymbolicIntegration.exe
